08-28 21:50:09.696 [main] INFO  com.hui.crawler.Test
start...

08-28 21:55:44.894 [main] INFO  com.hui.crawler.NewTest
haha

09-03 16:51:09.953 [main] INFO  com.hui.crawler.NewsPro
ok

09-03 19:55:51.860 [main] INFO  com.hui.crawler.NewsPro
ok

09-03 19:57:00.330 [main] INFO  com.hui.crawler.NewsPro
ok

09-03 19:57:01.266 [main] INFO  com.hui.crawler.NewsPro
ok

09-03 19:57:11.315 [main] INFO  com.hui.crawler.NewsPro
ok

09-03 19:57:14.746 [main] INFO  com.hui.crawler.NewsPro
ok

09-03 19:57:19.214 [main] INFO  com.hui.crawler.NewsPro
ok

09-03 19:57:21.956 [main] INFO  com.hui.crawler.NewsPro
ok

09-03 19:57:22.380 [main] INFO  com.hui.crawler.NewsPro
ok

09-03 19:57:31.346 [main] INFO  com.hui.crawler.NewsPro
ok

09-03 19:57:31.832 [main] INFO  com.hui.crawler.NewsPro
ok

09-03 19:57:32.714 [main] INFO  com.hui.crawler.NewsPro
ok

